-------------------------------------------------------------------------------
Test set: mx.unam.ciencias.myp.MypApplicationTests
-------------------------------------------------------------------------------
<<<<<<< HEAD
Tests run: 1, Failures: 0, Errors: 0, Skipped: 0, Time elapsed: 5.479 s - in mx.unam.ciencias.myp.MypApplicationTests
=======
<<<<<<< Updated upstream
Tests run: 1, Failures: 0, Errors: 0, Skipped: 0, Time elapsed: 2.512 s - in mx.unam.ciencias.myp.MypApplicationTests
=======
Tests run: 1, Failures: 0, Errors: 0, Skipped: 0, Time elapsed: 3.205 s - in mx.unam.ciencias.myp.MypApplicationTests
>>>>>>> Stashed changes
>>>>>>> 4197562b761ba0199e07bdd5acf7e1003d528e8e
